2014-08-12 20:50:20.892 HelloCordova[6382:70b] Multi-tasking -> Device: YES, App: YES
2014-08-12 20:50:21.172 HelloCordova[6382:70b] Unlimited access to network resources
2014-08-12 20:50:23.393 HelloCordova[6382:70b] [CDVTimer][keyboard] 0.088036ms
2014-08-12 20:50:23.393 HelloCordova[6382:70b] CDVPlugin class CDVStatusBar (pluginName: statusbar) does not exist.
2014-08-12 20:50:23.394 HelloCordova[6382:70b] [CDVTimer][statusbar] 0.554979ms
2014-08-12 20:50:23.394 HelloCordova[6382:70b] [CDVTimer][TotalPluginStartup] 1.896977ms
2014-08-12 20:50:23.685 HelloCordova[6382:70b] Resetting plugins due to page load.
2014-08-12 20:50:24.345 HelloCordova[6382:70b] Finished load of: file:///Users/sanjeevkumar/Library/Application%20Support/iPhone%20Simulator/7.1/Applications/363339C7-0D7F-4D51-8959-DF09D451016B/HelloCordova.app/www/index.html#/app/playlists
2014-08-12 21:28:58.384 HelloCordova[7360:70b] Multi-tasking -> Device: YES, App: YES
2014-08-12 21:28:58.392 HelloCordova[7360:70b] Unlimited access to network resources
2014-08-12 21:28:58.410 HelloCordova[7360:70b] [CDVTimer][keyboard] 0.063956ms
2014-08-12 21:28:58.410 HelloCordova[7360:70b] CDVPlugin class CDVStatusBar (pluginName: statusbar) does not exist.
2014-08-12 21:28:58.411 HelloCordova[7360:70b] [CDVTimer][statusbar] 0.509024ms
2014-08-12 21:28:58.411 HelloCordova[7360:70b] [CDVTimer][TotalPluginStartup] 1.531959ms
2014-08-12 21:28:58.720 HelloCordova[7360:70b] Resetting plugins due to page load.
2014-08-12 21:28:58.956 HelloCordova[7360:70b] Finished load of: file:///Users/sanjeevkumar/Library/Application%20Support/iPhone%20Simulator/7.1/Applications/363339C7-0D7F-4D51-8959-DF09D451016B/HelloCordova.app/www/index.html#/app/playlists
2014-08-12 21:32:45.205 HelloCordova[7778:70b] Multi-tasking -> Device: YES, App: YES
2014-08-12 21:32:45.212 HelloCordova[7778:70b] Unlimited access to network resources
2014-08-12 21:32:45.229 HelloCordova[7778:70b] [CDVTimer][keyboard] 0.064969ms
2014-08-12 21:32:45.230 HelloCordova[7778:70b] CDVPlugin class CDVStatusBar (pluginName: statusbar) does not exist.
2014-08-12 21:32:45.230 HelloCordova[7778:70b] [CDVTimer][statusbar] 0.439048ms
2014-08-12 21:32:45.231 HelloCordova[7778:70b] [CDVTimer][TotalPluginStartup] 1.405001ms
2014-08-12 21:32:45.267 HelloCordova[7778:70b] Resetting plugins due to page load.
2014-08-12 21:32:45.476 HelloCordova[7778:70b] Finished load of: file:///Users/sanjeevkumar/Library/Application%20Support/iPhone%20Simulator/7.1/Applications/363339C7-0D7F-4D51-8959-DF09D451016B/HelloCordova.app/www/index.html#/app/playlists
2014-08-12 21:33:19.268 HelloCordova[7956:70b] Multi-tasking -> Device: YES, App: YES
2014-08-12 21:33:19.276 HelloCordova[7956:70b] Unlimited access to network resources
2014-08-12 21:33:19.292 HelloCordova[7956:70b] [CDVTimer][keyboard] 0.060976ms
2014-08-12 21:33:19.292 HelloCordova[7956:70b] CDVPlugin class CDVStatusBar (pluginName: statusbar) does not exist.
2014-08-12 21:33:19.293 HelloCordova[7956:70b] [CDVTimer][statusbar] 0.508010ms
2014-08-12 21:33:19.293 HelloCordova[7956:70b] [CDVTimer][TotalPluginStartup] 1.527011ms
2014-08-12 21:33:19.331 HelloCordova[7956:70b] Resetting plugins due to page load.
2014-08-12 21:33:19.499 HelloCordova[7956:70b] Finished load of: file:///Users/sanjeevkumar/Library/Application%20Support/iPhone%20Simulator/7.1/Applications/363339C7-0D7F-4D51-8959-DF09D451016B/HelloCordova.app/www/index.html#/app/playlists
